{
	"issues": [
		{
			"engineId": "gosec",
			"ruleId": "G302",
			"cwe": {
				"ID": "276",
				"URL": "https://cwe.mitre.org/data/definitions/276.html"
			},
			"primaryLocation": {
				"message": "Expect file permissions to be 0600 or less",
				"filePath": "eventcollectorApp.go",
				"textRange": {
					"startLine": 790,
					"endLine": 790
				}
			},
			"type": "VULNERABILITY",
			"severity": "MAJOR",
			"effortMinutes": 5
		},
		{
			"engineId": "gosec",
			"ruleId": "G302",
			"cwe": {
				"ID": "276",
				"URL": "https://cwe.mitre.org/data/definitions/276.html"
			},
			"primaryLocation": {
				"message": "Expect file permissions to be 0600 or less",
				"filePath": "eventcollectorApp.go",
				"textRange": {
					"startLine": 790,
					"endLine": 790
				}
			},
			"type": "VULNERABILITY",
			"severity": "MAJOR",
			"effortMinutes": 5
		},
		{
			"engineId": "gosec",
			"ruleId": "G302",
			"cwe": {
				"ID": "276",
				"URL": "https://cwe.mitre.org/data/definitions/276.html"
			},
			"primaryLocation": {
				"message": "Expect file permissions to be 0600 or less",
				"filePath": "eventcollectorApp.go",
				"textRange": {
					"startLine": 808,
					"endLine": 808
				}
			},
			"type": "VULNERABILITY",
			"severity": "MAJOR",
			"effortMinutes": 5
		},
		{
			"engineId": "gosec",
			"ruleId": "G302",
			"cwe": {
				"ID": "276",
				"URL": "https://cwe.mitre.org/data/definitions/276.html"
			},
			"primaryLocation": {
				"message": "Expect file permissions to be 0600 or less",
				"filePath": "eventcollectorApp.go",
				"textRange": {
					"startLine": 75,
					"endLine": 75
				}
			},
			"type": "VULNERABILITY",
			"severity": "MAJOR",
			"effortMinutes": 5
		},
		{
			"engineId": "gosec",
			"ruleId": "G302",
			"cwe": {
				"ID": "276",
				"URL": "https://cwe.mitre.org/data/definitions/276.html"
			},
			"primaryLocation": {
				"message": "Expect file permissions to be 0600 or less",
				"filePath": "eventcollectorApp.go",
				"textRange": {
					"startLine": 808,
					"endLine": 808
				}
			},
			"type": "VULNERABILITY",
			"severity": "MAJOR",
			"effortMinutes": 5
		},
		{
			"engineId": "gosec",
			"ruleId": "G302",
			"cwe": {
				"ID": "276",
				"URL": "https://cwe.mitre.org/data/definitions/276.html"
			},
			"primaryLocation": {
				"message": "Expect file permissions to be 0600 or less",
				"filePath": "eventcollectorApp.go",
				"textRange": {
					"startLine": 75,
					"endLine": 75
				}
			},
			"type": "VULNERABILITY",
			"severity": "MAJOR",
			"effortMinutes": 5
		},
		{
			"engineId": "gosec",
			"ruleId": "G104",
			"cwe": {
				"ID": "703",
				"URL": "https://cwe.mitre.org/data/definitions/703.html"
			},
			"primaryLocation": {
				"message": "Errors unhandled.",
				"filePath": "eventcollectorApp.go",
				"textRange": {
					"startLine": 776,
					"endLine": 776
				}
			},
			"type": "VULNERABILITY",
			"severity": "MINOR",
			"effortMinutes": 5
		},
		{
			"engineId": "gosec",
			"ruleId": "G104",
			"cwe": {
				"ID": "703",
				"URL": "https://cwe.mitre.org/data/definitions/703.html"
			},
			"primaryLocation": {
				"message": "Errors unhandled.",
				"filePath": "eventcollectorApp.go",
				"textRange": {
					"startLine": 767,
					"endLine": 767
				}
			},
			"type": "VULNERABILITY",
			"severity": "MINOR",
			"effortMinutes": 5
		},
		{
			"engineId": "gosec",
			"ruleId": "G104",
			"cwe": {
				"ID": "703",
				"URL": "https://cwe.mitre.org/data/definitions/703.html"
			},
			"primaryLocation": {
				"message": "Errors unhandled.",
				"filePath": "eventcollectorDispatcher.go",
				"textRange": {
					"startLine": 406,
					"endLine": 406
				}
			},
			"type": "VULNERABILITY",
			"severity": "MINOR",
			"effortMinutes": 5
		},
		{
			"engineId": "gosec",
			"ruleId": "G104",
			"cwe": {
				"ID": "703",
				"URL": "https://cwe.mitre.org/data/definitions/703.html"
			},
			"primaryLocation": {
				"message": "Errors unhandled.",
				"filePath": "eventcollectorDispatcher.go",
				"textRange": {
					"startLine": 525,
					"endLine": 525
				}
			},
			"type": "VULNERABILITY",
			"severity": "MINOR",
			"effortMinutes": 5
		},
		{
			"engineId": "gosec",
			"ruleId": "G104",
			"cwe": {
				"ID": "703",
				"URL": "https://cwe.mitre.org/data/definitions/703.html"
			},
			"primaryLocation": {
				"message": "Errors unhandled.",
				"filePath": "eventcollectorMain.go",
				"textRange": {
					"startLine": 128,
					"endLine": 128
				}
			},
			"type": "VULNERABILITY",
			"severity": "MINOR",
			"effortMinutes": 5
		},
		{
			"engineId": "gosec",
			"ruleId": "G104",
			"cwe": {
				"ID": "703",
				"URL": "https://cwe.mitre.org/data/definitions/703.html"
			},
			"primaryLocation": {
				"message": "Errors unhandled.",
				"filePath": "httpScheduler.go",
				"textRange": {
					"startLine": 212,
					"endLine": 212
				}
			},
			"type": "VULNERABILITY",
			"severity": "MINOR",
			"effortMinutes": 5
		},
		{
			"engineId": "gosec",
			"ruleId": "G104",
			"cwe": {
				"ID": "703",
				"URL": "https://cwe.mitre.org/data/definitions/703.html"
			},
			"primaryLocation": {
				"message": "Errors unhandled.",
				"filePath": "httpScheduler.go",
				"textRange": {
					"startLine": 256,
					"endLine": 256
				}
			},
			"type": "VULNERABILITY",
			"severity": "MINOR",
			"effortMinutes": 5
		},
		{
			"engineId": "gosec",
			"ruleId": "G104",
			"cwe": {
				"ID": "703",
				"URL": "https://cwe.mitre.org/data/definitions/703.html"
			},
			"primaryLocation": {
				"message": "Errors unhandled.",
				"filePath": "httpScheduler.go",
				"textRange": {
					"startLine": 386,
					"endLine": 386
				}
			},
			"type": "VULNERABILITY",
			"severity": "MINOR",
			"effortMinutes": 5
		},
		{
			"engineId": "gosec",
			"ruleId": "G104",
			"cwe": {
				"ID": "703",
				"URL": "https://cwe.mitre.org/data/definitions/703.html"
			},
			"primaryLocation": {
				"message": "Errors unhandled.",
				"filePath": "eventcollectorApp.go",
				"textRange": {
					"startLine": 555,
					"endLine": 555
				}
			},
			"type": "VULNERABILITY",
			"severity": "MINOR",
			"effortMinutes": 5
		},
		{
			"engineId": "gosec",
			"ruleId": "G104",
			"cwe": {
				"ID": "703",
				"URL": "https://cwe.mitre.org/data/definitions/703.html"
			},
			"primaryLocation": {
				"message": "Errors unhandled.",
				"filePath": "eventcollectorApp.go",
				"textRange": {
					"startLine": 104,
					"endLine": 104
				}
			},
			"type": "VULNERABILITY",
			"severity": "MINOR",
			"effortMinutes": 5
		},
		{
			"engineId": "gosec",
			"ruleId": "G104",
			"cwe": {
				"ID": "703",
				"URL": "https://cwe.mitre.org/data/definitions/703.html"
			},
			"primaryLocation": {
				"message": "Errors unhandled.",
				"filePath": "eventcollectorApp.go",
				"textRange": {
					"startLine": 548,
					"endLine": 548
				}
			},
			"type": "VULNERABILITY",
			"severity": "MINOR",
			"effortMinutes": 5
		},
		{
			"engineId": "gosec",
			"ruleId": "G104",
			"cwe": {
				"ID": "703",
				"URL": "https://cwe.mitre.org/data/definitions/703.html"
			},
			"primaryLocation": {
				"message": "Errors unhandled.",
				"filePath": "eventcollectorApp.go",
				"textRange": {
					"startLine": 555,
					"endLine": 555
				}
			},
			"type": "VULNERABILITY",
			"severity": "MINOR",
			"effortMinutes": 5
		},
		{
			"engineId": "gosec",
			"ruleId": "G104",
			"cwe": {
				"ID": "703",
				"URL": "https://cwe.mitre.org/data/definitions/703.html"
			},
			"primaryLocation": {
				"message": "Errors unhandled.",
				"filePath": "eventcollectorApp.go",
				"textRange": {
					"startLine": 767,
					"endLine": 767
				}
			},
			"type": "VULNERABILITY",
			"severity": "MINOR",
			"effortMinutes": 5
		},
		{
			"engineId": "gosec",
			"ruleId": "G104",
			"cwe": {
				"ID": "703",
				"URL": "https://cwe.mitre.org/data/definitions/703.html"
			},
			"primaryLocation": {
				"message": "Errors unhandled.",
				"filePath": "eventcollectorApp.go",
				"textRange": {
					"startLine": 776,
					"endLine": 776
				}
			},
			"type": "VULNERABILITY",
			"severity": "MINOR",
			"effortMinutes": 5
		},
		{
			"engineId": "gosec",
			"ruleId": "G104",
			"cwe": {
				"ID": "703",
				"URL": "https://cwe.mitre.org/data/definitions/703.html"
			},
			"primaryLocation": {
				"message": "Errors unhandled.",
				"filePath": "eventcollectorApp.go",
				"textRange": {
					"startLine": 104,
					"endLine": 104
				}
			},
			"type": "VULNERABILITY",
			"severity": "MINOR",
			"effortMinutes": 5
		},
		{
			"engineId": "gosec",
			"ruleId": "G104",
			"cwe": {
				"ID": "703",
				"URL": "https://cwe.mitre.org/data/definitions/703.html"
			},
			"primaryLocation": {
				"message": "Errors unhandled.",
				"filePath": "eventcollectorApp.go",
				"textRange": {
					"startLine": 548,
					"endLine": 548
				}
			},
			"type": "VULNERABILITY",
			"severity": "MINOR",
			"effortMinutes": 5
		},
		{
			"engineId": "gosec",
			"ruleId": "G104",
			"cwe": {
				"ID": "703",
				"URL": "https://cwe.mitre.org/data/definitions/703.html"
			},
			"primaryLocation": {
				"message": "Errors unhandled.",
				"filePath": "eventcollectorDispatcher.go",
				"textRange": {
					"startLine": 406,
					"endLine": 406
				}
			},
			"type": "VULNERABILITY",
			"severity": "MINOR",
			"effortMinutes": 5
		},
		{
			"engineId": "gosec",
			"ruleId": "G104",
			"cwe": {
				"ID": "703",
				"URL": "https://cwe.mitre.org/data/definitions/703.html"
			},
			"primaryLocation": {
				"message": "Errors unhandled.",
				"filePath": "eventcollectorDispatcher.go",
				"textRange": {
					"startLine": 525,
					"endLine": 525
				}
			},
			"type": "VULNERABILITY",
			"severity": "MINOR",
			"effortMinutes": 5
		},
		{
			"engineId": "gosec",
			"ruleId": "G104",
			"cwe": {
				"ID": "703",
				"URL": "https://cwe.mitre.org/data/definitions/703.html"
			},
			"primaryLocation": {
				"message": "Errors unhandled.",
				"filePath": "eventcollectorMain.go",
				"textRange": {
					"startLine": 128,
					"endLine": 128
				}
			},
			"type": "VULNERABILITY",
			"severity": "MINOR",
			"effortMinutes": 5
		},
		{
			"engineId": "gosec",
			"ruleId": "G104",
			"cwe": {
				"ID": "703",
				"URL": "https://cwe.mitre.org/data/definitions/703.html"
			},
			"primaryLocation": {
				"message": "Errors unhandled.",
				"filePath": "httpScheduler.go",
				"textRange": {
					"startLine": 212,
					"endLine": 212
				}
			},
			"type": "VULNERABILITY",
			"severity": "MINOR",
			"effortMinutes": 5
		},
		{
			"engineId": "gosec",
			"ruleId": "G104",
			"cwe": {
				"ID": "703",
				"URL": "https://cwe.mitre.org/data/definitions/703.html"
			},
			"primaryLocation": {
				"message": "Errors unhandled.",
				"filePath": "httpScheduler.go",
				"textRange": {
					"startLine": 256,
					"endLine": 256
				}
			},
			"type": "VULNERABILITY",
			"severity": "MINOR",
			"effortMinutes": 5
		},
		{
			"engineId": "gosec",
			"ruleId": "G104",
			"cwe": {
				"ID": "703",
				"URL": "https://cwe.mitre.org/data/definitions/703.html"
			},
			"primaryLocation": {
				"message": "Errors unhandled.",
				"filePath": "httpScheduler.go",
				"textRange": {
					"startLine": 386,
					"endLine": 386
				}
			},
			"type": "VULNERABILITY",
			"severity": "MINOR",
			"effortMinutes": 5
		},
		{
			"engineId": "gosec",
			"ruleId": "G104",
			"cwe": {
				"ID": "703",
				"URL": "https://cwe.mitre.org/data/definitions/703.html"
			},
			"primaryLocation": {
				"message": "Errors unhandled.",
				"filePath": "eventcollector_test.go",
				"textRange": {
					"startLine": 224,
					"endLine": 224
				}
			},
			"type": "VULNERABILITY",
			"severity": "MINOR",
			"effortMinutes": 5
		},
		{
			"engineId": "gosec",
			"ruleId": "G104",
			"cwe": {
				"ID": "703",
				"URL": "https://cwe.mitre.org/data/definitions/703.html"
			},
			"primaryLocation": {
				"message": "Errors unhandled.",
				"filePath": "eventcollector_test.go",
				"textRange": {
					"startLine": 225,
					"endLine": 225
				}
			},
			"type": "VULNERABILITY",
			"severity": "MINOR",
			"effortMinutes": 5
		},
		{
			"engineId": "gosec",
			"ruleId": "G104",
			"cwe": {
				"ID": "703",
				"URL": "https://cwe.mitre.org/data/definitions/703.html"
			},
			"primaryLocation": {
				"message": "Errors unhandled.",
				"filePath": "eventcollector_test.go",
				"textRange": {
					"startLine": 226,
					"endLine": 226
				}
			},
			"type": "VULNERABILITY",
			"severity": "MINOR",
			"effortMinutes": 5
		},
		{
			"engineId": "gosec",
			"ruleId": "G104",
			"cwe": {
				"ID": "703",
				"URL": "https://cwe.mitre.org/data/definitions/703.html"
			},
			"primaryLocation": {
				"message": "Errors unhandled.",
				"filePath": "eventcollector_test.go",
				"textRange": {
					"startLine": 227,
					"endLine": 227
				}
			},
			"type": "VULNERABILITY",
			"severity": "MINOR",
			"effortMinutes": 5
		},
		{
			"engineId": "gosec",
			"ruleId": "G104",
			"cwe": {
				"ID": "703",
				"URL": "https://cwe.mitre.org/data/definitions/703.html"
			},
			"primaryLocation": {
				"message": "Errors unhandled.",
				"filePath": "eventcollector_test.go",
				"textRange": {
					"startLine": 228,
					"endLine": 228
				}
			},
			"type": "VULNERABILITY",
			"severity": "MINOR",
			"effortMinutes": 5
		},
		{
			"engineId": "gosec",
			"ruleId": "G104",
			"cwe": {
				"ID": "703",
				"URL": "https://cwe.mitre.org/data/definitions/703.html"
			},
			"primaryLocation": {
				"message": "Errors unhandled.",
				"filePath": "eventcollector_test.go",
				"textRange": {
					"startLine": 229,
					"endLine": 229
				}
			},
			"type": "VULNERABILITY",
			"severity": "MINOR",
			"effortMinutes": 5
		},
		{
			"engineId": "gosec",
			"ruleId": "G104",
			"cwe": {
				"ID": "703",
				"URL": "https://cwe.mitre.org/data/definitions/703.html"
			},
			"primaryLocation": {
				"message": "Errors unhandled.",
				"filePath": "eventcollector_test.go",
				"textRange": {
					"startLine": 263,
					"endLine": 263
				}
			},
			"type": "VULNERABILITY",
			"severity": "MINOR",
			"effortMinutes": 5
		},
		{
			"engineId": "gosec",
			"ruleId": "G104",
			"cwe": {
				"ID": "703",
				"URL": "https://cwe.mitre.org/data/definitions/703.html"
			},
			"primaryLocation": {
				"message": "Errors unhandled.",
				"filePath": "eventcollector_test.go",
				"textRange": {
					"startLine": 264,
					"endLine": 264
				}
			},
			"type": "VULNERABILITY",
			"severity": "MINOR",
			"effortMinutes": 5
		},
		{
			"engineId": "gosec",
			"ruleId": "G104",
			"cwe": {
				"ID": "703",
				"URL": "https://cwe.mitre.org/data/definitions/703.html"
			},
			"primaryLocation": {
				"message": "Errors unhandled.",
				"filePath": "eventcollector_test.go",
				"textRange": {
					"startLine": 265,
					"endLine": 265
				}
			},
			"type": "VULNERABILITY",
			"severity": "MINOR",
			"effortMinutes": 5
		},
		{
			"engineId": "gosec",
			"ruleId": "G104",
			"cwe": {
				"ID": "703",
				"URL": "https://cwe.mitre.org/data/definitions/703.html"
			},
			"primaryLocation": {
				"message": "Errors unhandled.",
				"filePath": "eventcollector_test.go",
				"textRange": {
					"startLine": 268,
					"endLine": 268
				}
			},
			"type": "VULNERABILITY",
			"severity": "MINOR",
			"effortMinutes": 5
		},
		{
			"engineId": "gosec",
			"ruleId": "G104",
			"cwe": {
				"ID": "703",
				"URL": "https://cwe.mitre.org/data/definitions/703.html"
			},
			"primaryLocation": {
				"message": "Errors unhandled.",
				"filePath": "eventcollector_test.go",
				"textRange": {
					"startLine": 269,
					"endLine": 269
				}
			},
			"type": "VULNERABILITY",
			"severity": "MINOR",
			"effortMinutes": 5
		},
		{
			"engineId": "gosec",
			"ruleId": "G104",
			"cwe": {
				"ID": "703",
				"URL": "https://cwe.mitre.org/data/definitions/703.html"
			},
			"primaryLocation": {
				"message": "Errors unhandled.",
				"filePath": "eventcollector_test.go",
				"textRange": {
					"startLine": 270,
					"endLine": 270
				}
			},
			"type": "VULNERABILITY",
			"severity": "MINOR",
			"effortMinutes": 5
		},
		{
			"engineId": "gosec",
			"ruleId": "G104",
			"cwe": {
				"ID": "703",
				"URL": "https://cwe.mitre.org/data/definitions/703.html"
			},
			"primaryLocation": {
				"message": "Errors unhandled.",
				"filePath": "httpJob_test.go",
				"textRange": {
					"startLine": 43,
					"endLine": 43
				}
			},
			"type": "VULNERABILITY",
			"severity": "MINOR",
			"effortMinutes": 5
		},
		{
			"engineId": "gosec",
			"ruleId": "G104",
			"cwe": {
				"ID": "703",
				"URL": "https://cwe.mitre.org/data/definitions/703.html"
			},
			"primaryLocation": {
				"message": "Errors unhandled.",
				"filePath": "httpJob_test.go",
				"textRange": {
					"startLine": 103,
					"endLine": 103
				}
			},
			"type": "VULNERABILITY",
			"severity": "MINOR",
			"effortMinutes": 5
		}
	]
}