{
	"issues": [
		{
			"engineId": "gosec",
			"ruleId": "G302",
			"primaryLocation": {
				"message": "Expect file permissions to be 0600 or less",
				"filePath": "eventCollectorApp.go",
				"textRange": {
					"startLine": 807,
					"endLine": 807
				}
			},
			"type": "VULNERABILITY",
			"severity": "MAJOR",
			"effortMinutes": 5
		},
		{
			"engineId": "gosec",
			"ruleId": "G302",
			"primaryLocation": {
				"message": "Expect file permissions to be 0600 or less",
				"filePath": "eventCollectorApp.go",
				"textRange": {
					"startLine": 825,
					"endLine": 825
				}
			},
			"type": "VULNERABILITY",
			"severity": "MAJOR",
			"effortMinutes": 5
		},
		{
			"engineId": "gosec",
			"ruleId": "G302",
			"primaryLocation": {
				"message": "Expect file permissions to be 0600 or less",
				"filePath": "eventCollectorApp.go",
				"textRange": {
					"startLine": 807,
					"endLine": 807
				}
			},
			"type": "VULNERABILITY",
			"severity": "MAJOR",
			"effortMinutes": 5
		},
		{
			"engineId": "gosec",
			"ruleId": "G302",
			"primaryLocation": {
				"message": "Expect file permissions to be 0600 or less",
				"filePath": "eventCollectorApp.go",
				"textRange": {
					"startLine": 75,
					"endLine": 75
				}
			},
			"type": "VULNERABILITY",
			"severity": "MAJOR",
			"effortMinutes": 5
		},
		{
			"engineId": "gosec",
			"ruleId": "G302",
			"primaryLocation": {
				"message": "Expect file permissions to be 0600 or less",
				"filePath": "eventCollectorApp.go",
				"textRange": {
					"startLine": 75,
					"endLine": 75
				}
			},
			"type": "VULNERABILITY",
			"severity": "MAJOR",
			"effortMinutes": 5
		},
		{
			"engineId": "gosec",
			"ruleId": "G302",
			"primaryLocation": {
				"message": "Expect file permissions to be 0600 or less",
				"filePath": "eventCollectorApp.go",
				"textRange": {
					"startLine": 825,
					"endLine": 825
				}
			},
			"type": "VULNERABILITY",
			"severity": "MAJOR",
			"effortMinutes": 5
		},
		{
			"engineId": "gosec",
			"ruleId": "G104",
			"primaryLocation": {
				"message": "Errors unhandled.",
				"filePath": "eventCollectorApp.go",
				"textRange": {
					"startLine": 104,
					"endLine": 104
				}
			},
			"type": "VULNERABILITY",
			"severity": "MINOR",
			"effortMinutes": 5
		},
		{
			"engineId": "gosec",
			"ruleId": "G104",
			"primaryLocation": {
				"message": "Errors unhandled.",
				"filePath": "eventCollectorApp.go",
				"textRange": {
					"startLine": 793,
					"endLine": 793
				}
			},
			"type": "VULNERABILITY",
			"severity": "MINOR",
			"effortMinutes": 5
		},
		{
			"engineId": "gosec",
			"ruleId": "G104",
			"primaryLocation": {
				"message": "Errors unhandled.",
				"filePath": "eventCollectorDispatcher.go",
				"textRange": {
					"startLine": 356,
					"endLine": 356
				}
			},
			"type": "VULNERABILITY",
			"severity": "MINOR",
			"effortMinutes": 5
		},
		{
			"engineId": "gosec",
			"ruleId": "G104",
			"primaryLocation": {
				"message": "Errors unhandled.",
				"filePath": "eventCollectorDispatcher.go",
				"textRange": {
					"startLine": 474,
					"endLine": 474
				}
			},
			"type": "VULNERABILITY",
			"severity": "MINOR",
			"effortMinutes": 5
		},
		{
			"engineId": "gosec",
			"ruleId": "G104",
			"primaryLocation": {
				"message": "Errors unhandled.",
				"filePath": "httpScheduler.go",
				"textRange": {
					"startLine": 201,
					"endLine": 201
				}
			},
			"type": "VULNERABILITY",
			"severity": "MINOR",
			"effortMinutes": 5
		},
		{
			"engineId": "gosec",
			"ruleId": "G104",
			"primaryLocation": {
				"message": "Errors unhandled.",
				"filePath": "httpScheduler.go",
				"textRange": {
					"startLine": 245,
					"endLine": 245
				}
			},
			"type": "VULNERABILITY",
			"severity": "MINOR",
			"effortMinutes": 5
		},
		{
			"engineId": "gosec",
			"ruleId": "G104",
			"primaryLocation": {
				"message": "Errors unhandled.",
				"filePath": "httpScheduler.go",
				"textRange": {
					"startLine": 375,
					"endLine": 375
				}
			},
			"type": "VULNERABILITY",
			"severity": "MINOR",
			"effortMinutes": 5
		},
		{
			"engineId": "gosec",
			"ruleId": "G104",
			"primaryLocation": {
				"message": "Errors unhandled.",
				"filePath": "eventCollectorApp.go",
				"textRange": {
					"startLine": 784,
					"endLine": 784
				}
			},
			"type": "VULNERABILITY",
			"severity": "MINOR",
			"effortMinutes": 5
		},
		{
			"engineId": "gosec",
			"ruleId": "G104",
			"primaryLocation": {
				"message": "Errors unhandled.",
				"filePath": "eventCollectorApp.go",
				"textRange": {
					"startLine": 572,
					"endLine": 572
				}
			},
			"type": "VULNERABILITY",
			"severity": "MINOR",
			"effortMinutes": 5
		},
		{
			"engineId": "gosec",
			"ruleId": "G104",
			"primaryLocation": {
				"message": "Errors unhandled.",
				"filePath": "eventCollectorApp.go",
				"textRange": {
					"startLine": 564,
					"endLine": 564
				}
			},
			"type": "VULNERABILITY",
			"severity": "MINOR",
			"effortMinutes": 5
		},
		{
			"engineId": "gosec",
			"ruleId": "G104",
			"primaryLocation": {
				"message": "Errors unhandled.",
				"filePath": "eventCollectorApp.go",
				"textRange": {
					"startLine": 572,
					"endLine": 572
				}
			},
			"type": "VULNERABILITY",
			"severity": "MINOR",
			"effortMinutes": 5
		},
		{
			"engineId": "gosec",
			"ruleId": "G104",
			"primaryLocation": {
				"message": "Errors unhandled.",
				"filePath": "eventCollectorApp.go",
				"textRange": {
					"startLine": 784,
					"endLine": 784
				}
			},
			"type": "VULNERABILITY",
			"severity": "MINOR",
			"effortMinutes": 5
		},
		{
			"engineId": "gosec",
			"ruleId": "G104",
			"primaryLocation": {
				"message": "Errors unhandled.",
				"filePath": "eventCollectorApp.go",
				"textRange": {
					"startLine": 793,
					"endLine": 793
				}
			},
			"type": "VULNERABILITY",
			"severity": "MINOR",
			"effortMinutes": 5
		},
		{
			"engineId": "gosec",
			"ruleId": "G104",
			"primaryLocation": {
				"message": "Errors unhandled.",
				"filePath": "eventCollectorApp.go",
				"textRange": {
					"startLine": 564,
					"endLine": 564
				}
			},
			"type": "VULNERABILITY",
			"severity": "MINOR",
			"effortMinutes": 5
		},
		{
			"engineId": "gosec",
			"ruleId": "G104",
			"primaryLocation": {
				"message": "Errors unhandled.",
				"filePath": "eventCollectorApp.go",
				"textRange": {
					"startLine": 104,
					"endLine": 104
				}
			},
			"type": "VULNERABILITY",
			"severity": "MINOR",
			"effortMinutes": 5
		},
		{
			"engineId": "gosec",
			"ruleId": "G104",
			"primaryLocation": {
				"message": "Errors unhandled.",
				"filePath": "eventCollectorDispatcher.go",
				"textRange": {
					"startLine": 356,
					"endLine": 356
				}
			},
			"type": "VULNERABILITY",
			"severity": "MINOR",
			"effortMinutes": 5
		},
		{
			"engineId": "gosec",
			"ruleId": "G104",
			"primaryLocation": {
				"message": "Errors unhandled.",
				"filePath": "eventCollectorDispatcher.go",
				"textRange": {
					"startLine": 474,
					"endLine": 474
				}
			},
			"type": "VULNERABILITY",
			"severity": "MINOR",
			"effortMinutes": 5
		},
		{
			"engineId": "gosec",
			"ruleId": "G104",
			"primaryLocation": {
				"message": "Errors unhandled.",
				"filePath": "httpScheduler.go",
				"textRange": {
					"startLine": 201,
					"endLine": 201
				}
			},
			"type": "VULNERABILITY",
			"severity": "MINOR",
			"effortMinutes": 5
		},
		{
			"engineId": "gosec",
			"ruleId": "G104",
			"primaryLocation": {
				"message": "Errors unhandled.",
				"filePath": "httpScheduler.go",
				"textRange": {
					"startLine": 245,
					"endLine": 245
				}
			},
			"type": "VULNERABILITY",
			"severity": "MINOR",
			"effortMinutes": 5
		},
		{
			"engineId": "gosec",
			"ruleId": "G104",
			"primaryLocation": {
				"message": "Errors unhandled.",
				"filePath": "httpScheduler.go",
				"textRange": {
					"startLine": 375,
					"endLine": 375
				}
			},
			"type": "VULNERABILITY",
			"severity": "MINOR",
			"effortMinutes": 5
		},
		{
			"engineId": "gosec",
			"ruleId": "G104",
			"primaryLocation": {
				"message": "Errors unhandled.",
				"filePath": "httpJob_test.go",
				"textRange": {
					"startLine": 41,
					"endLine": 41
				}
			},
			"type": "VULNERABILITY",
			"severity": "MINOR",
			"effortMinutes": 5
		},
		{
			"engineId": "gosec",
			"ruleId": "G104",
			"primaryLocation": {
				"message": "Errors unhandled.",
				"filePath": "httpJob_test.go",
				"textRange": {
					"startLine": 101,
					"endLine": 101
				}
			},
			"type": "VULNERABILITY",
			"severity": "MINOR",
			"effortMinutes": 5
		}
	]
}